<?xml version="1.0" encoding="UTF-8"?>
<!-- Generated by org.testng.reporters.JUnitReportReporter -->
<testsuite hostname="LAPTOP-6A3TN1OQ" failures="0" tests="2" name="com.Amazon.Test.LoginPageTest" time="17.178" errors="0" timestamp="2025-05-22T14:28:13 PDT" skipped="0">
  <testcase classname="com.Amazon.Test.LoginPageTest" name="clikOnHaulLink" time="2.344"/>
  <testcase classname="com.Amazon.Test.LoginPageTest" name="clikOnBasicLink" time="14.834"/>
</testsuite> <!-- com.Amazon.Test.LoginPageTest -->
