<?xml version="1.0" encoding="UTF-8"?>
<!-- Generated by org.testng.reporters.JUnitReportReporter -->
<testsuite hostname="LAPTOP-6A3TN1OQ" failures="0" tests="4" name="com.Amazon.Test.LoginPageTest" time="25.565" errors="0" timestamp="2025-05-22T14:58:16 PDT" skipped="0">
  <testcase classname="com.Amazon.Test.LoginPageTest" name="clikOnBestSellerLink" time="2.158"/>
  <testcase classname="com.Amazon.Test.LoginPageTest" name="clikOnBasicLink" time="19.101"/>
  <testcase classname="com.Amazon.Test.LoginPageTest" name="clikOnPrimeLink" time="2.204"/>
  <testcase classname="com.Amazon.Test.LoginPageTest" name="clikOnHaulLink" time="2.102"/>
</testsuite> <!-- com.Amazon.Test.LoginPageTest -->
