<?xml version="1.0" encoding="UTF-8"?>
<!-- Generated by org.testng.reporters.JUnitReportReporter -->
<testsuite hostname="LAPTOP-6A3TN1OQ" failures="0" tests="2" name="com.tests.ProductTest" time="7.206" errors="0" timestamp="2025-06-20T14:13:10 PDT" skipped="1">
  <testcase classname="com.tests.ProductTest" name="verifyAddToCartWorkflow" time="4.009"/>
  <testcase classname="com.tests.ProductTest" name="verifyAddToCartWorkflow" time="3.197">
    <skipped/>
  </testcase> <!-- verifyAddToCartWorkflow -->
</testsuite> <!-- com.tests.ProductTest -->
