<?xml version="1.0" encoding="UTF-8"?>
<!-- Generated by org.testng.reporters.JUnitReportReporter -->
<testsuite hostname="LAPTOP-6A3TN1OQ" failures="0" tests="1" name="com.tests.ProductTest" time="5.531" errors="0" timestamp="2025-06-05T16:01:22 PDT" skipped="0">
  <testcase classname="com.tests.ProductTest" name="verifyAddToCartWorkflow" time="5.531"/>
</testsuite> <!-- com.tests.ProductTest -->
