<?xml version="1.0" encoding="UTF-8"?>
<!-- Generated by org.testng.reporters.JUnitReportReporter -->
<testsuite hostname="LAPTOP-6A3TN1OQ" failures="0" tests="3" name="com.tests.ProductTest" time="27.955" errors="0" timestamp="2025-06-06T09:30:38 PDT" skipped="2">
  <testcase classname="com.tests.ProductTest" name="verifyAddToCartWorkflow" time="3.073"/>
  <testcase classname="com.tests.ProductTest" name="verifyAddToCartWorkflow" time="23.251">
    <skipped/>
  </testcase> <!-- verifyAddToCartWorkflow -->
  <testcase classname="com.tests.ProductTest" name="verifyAddToCartWorkflow" time="1.631">
    <skipped/>
  </testcase> <!-- verifyAddToCartWorkflow -->
</testsuite> <!-- com.tests.ProductTest -->
